# Logfile created on Mon Sep 21 13:51:33 -0400 2009** TwitterAuth initialized properly.
** TwitterAuth initialized properly.
  [4;36;1mSQL (7.7ms)[0m   [0;1m SELECT name
 FROM sqlite_master
 WHERE type = 'table' AND NOT name = 'sqlite_sequence'
[0m
  [4;35;1mSQL (0.2ms)[0m   [0mselect sqlite_version(*)[0m
  [4;36;1mSQL (4.1ms)[0m   [0;1mCREATE TABLE "schema_migrations" ("version" varchar(255) NOT NULL) [0m
  [4;35;1mSQL (2.2ms)[0m   [0mCREATE UNIQUE INDEX "unique_schema_migrations" ON "schema_migrations" ("version")[0m
  [4;36;1mSQL (0.2ms)[0m   [0;1m SELECT name
 FROM sqlite_master
 WHERE type = 'table' AND NOT name = 'sqlite_sequence'
[0m
  [4;35;1mSQL (0.1ms)[0m   [0mSELECT version FROM schema_migrations[0m
Migrating to TwitterAuthMigration (20090921180721)
  [4;36;1mSQL (0.8ms)[0m   [0;1mCREATE TABLE "users" ("id" INTEGER PRIMARY KEY AUTOINCREMENT NOT NULL, "twitter_id" varchar(255), "login" varchar(255), "access_token" varchar(255), "access_secret" varchar(255), "remember_token" varchar(255), "remember_token_expires_at" datetime, "name" varchar(255), "location" varchar(255), "description" varchar(255), "profile_image_url" varchar(255), "url" varchar(255), "protected" boolean, "profile_background_color" varchar(255), "profile_sidebar_fill_color" varchar(255), "profile_link_color" varchar(255), "profile_sidebar_border_color" varchar(255), "profile_text_color" varchar(255), "profile_background_image_url" varchar(255), "profile_background_tiled" boolean, "friends_count" integer, "statuses_count" integer, "followers_count" integer, "favourites_count" integer, "utc_offset" integer, "time_zone" varchar(255), "created_at" datetime, "updated_at" datetime) [0m
  [4;35;1mSQL (0.1ms)[0m   [0mINSERT INTO schema_migrations (version) VALUES ('20090921180721')[0m
  [4;36;1mSQL (0.3ms)[0m   [0;1m SELECT name
 FROM sqlite_master
 WHERE type = 'table' AND NOT name = 'sqlite_sequence'
[0m
  [4;35;1mSQL (0.1ms)[0m   [0mSELECT version FROM schema_migrations[0m
  [4;36;1mSQL (0.2ms)[0m   [0;1m SELECT name
 FROM sqlite_master
 WHERE type = 'table' AND NOT name = 'sqlite_sequence'
[0m
  [4;35;1mSQL (0.1ms)[0m   [0mPRAGMA index_list("users")[0m
